<?xml version="1.0" encoding="UTF-8"?>
<!-- Generated by org.testng.reporters.JUnitReportReporter -->
<testsuite hostname="DESKTOP-RGU3BLL" failures="0" tests="1" name="pagess.Homee" time="55.814" errors="0" timestamp="2022-11-16T13:00:21 IST" skipped="0">
  <testcase classname="pagess.Homee" name="DriverIntial" time="55.814"/>
  <system-out/>
</testsuite> <!-- pagess.Homee -->
