<?xml version="1.0" encoding="UTF-8"?>
<!-- Generated by org.testng.reporters.JUnitReportReporter -->
<testsuite hostname="DESKTOP-RGU3BLL" failures="0" tests="3" name="pagess.LoginForm" time="154.364" errors="0" timestamp="2022-11-16T13:00:21 IST" skipped="0">
  <testcase classname="pagess.LoginForm" name="Basenavigate" time="50.758"/>
  <system-out/>
  <testcase classname="pagess.LoginForm" name="Basenavigate" time="52.032"/>
  <system-out/>
  <testcase classname="pagess.LoginForm" name="Basenavigate" time="51.574"/>
  <system-out/>
</testsuite> <!-- pagess.LoginForm -->
